<?xml version="1.0" encoding="UTF-8"?>
<testng-results ignored="0" total="1" passed="1" failed="0" skipped="0">
  <reporter-output>
  </reporter-output>
  <suite started-at="2021-06-26T18:56:15 IST" name="Default suite" finished-at="2021-06-26T18:56:23 IST" duration-ms="7182">
    <groups>
    </groups>
    <test started-at="2021-06-26T18:56:15 IST" name="Default test" finished-at="2021-06-26T18:56:23 IST" duration-ms="7182">
      <class name="RunningTestNgMain.Runner">
        <test-method is-config="true" signature="b()[pri:0, instance:RunningTestNgMain.Runner@5b94b04d]" started-at="2021-06-26T18:56:15 IST" name="b" finished-at="2021-06-26T18:56:21 IST" duration-ms="5381" status="PASS">
          <reporter-output>
          </reporter-output>
        </test-method> <!-- b -->
        <test-method signature="f()[pri:0, instance:RunningTestNgMain.Runner@5b94b04d]" started-at="2021-06-26T18:56:21 IST" name="f" finished-at="2021-06-26T18:56:23 IST" duration-ms="1748" status="PASS">
          <reporter-output>
          </reporter-output>
        </test-method> <!-- f -->
        <test-method is-config="true" signature="z()[pri:0, instance:RunningTestNgMain.Runner@5b94b04d]" started-at="2021-06-26T18:56:23 IST" name="z" finished-at="2021-06-26T18:56:23 IST" duration-ms="1" status="PASS">
          <reporter-output>
          </reporter-output>
        </test-method> <!-- z -->
      </class> <!-- RunningTestNgMain.Runner -->
    </test> <!-- Default test -->
  </suite> <!-- Default suite -->
</testng-results>
